This file contains any messages produced by compilers while
running configure, to aid debugging if configure makes a mistake.

It was created by ACP configure 2.0.0, which was
generated by GNU Autoconf 2.69.  Invocation command line was

  $ ./configure --prefix=/home/shibamura/acp/exe/curr

## --------- ##
## Platform. ##
## --------- ##

hostname = acecls
uname -m = x86_64
uname -r = 2.6.32-573.22.1.el6.x86_64
uname -s = Linux
uname -v = #1 SMP Wed Mar 23 03:35:39 UTC 2016

/usr/bin/uname -p = unknown
/bin/uname -X     = unknown

/bin/arch              = x86_64
/usr/bin/arch -k       = unknown
/usr/convex/getsysinfo = unknown
/usr/bin/hostinfo      = unknown
/bin/machine           = unknown
/usr/bin/oslevel       = unknown
/bin/universe          = unknown

PATH: /home/shibamura/.bin
PATH: /usr/lib/jvm/java-1.8.0-openjdk/bin
PATH: /home/shibamura/acp/curr/bin
PATH: /usr/local/share/mpich-3.1.4/bin
PATH: /usr/local/share/slog2sdk-1.2.6/bin
PATH: /usr/local/sbin
PATH: /usr/local/bin
PATH: /usr/sbin
PATH: /usr/bin
PATH: /sbin
PATH: /bin


## ----------- ##
## Core tests. ##
## ----------- ##

configure:2618: checking for a BSD-compatible install
configure:2686: result: /usr/bin/install -c
configure:2697: checking whether build environment is sane
configure:2752: result: yes
configure:2903: checking for a thread-safe mkdir -p
configure:2942: result: /bin/mkdir -p
configure:2949: checking for gawk
configure:2965: found /usr/bin/gawk
configure:2976: result: gawk
configure:2987: checking whether make sets $(MAKE)
configure:3009: result: yes
configure:3038: checking whether make supports nested variables
configure:3055: result: yes
configure:3182: checking whether to enable maintainer-specific portions of Makefiles
configure:3191: result: no
configure:3213: checking build system type
configure:3227: result: x86_64-unknown-linux-gnu
configure:3247: checking host system type
configure:3260: result: x86_64-unknown-linux-gnu
configure:3294: checking for style of include used by make
configure:3322: result: GNU
configure:3393: checking for gcc
configure:3409: found /usr/bin/gcc
configure:3420: result: gcc
configure:3649: checking for C compiler version
configure:3658: gcc --version >&5
gcc (GCC) 4.4.7 20120313 (Red Hat 4.4.7-16)
Copyright (C) 2010 Free Software Foundation, Inc.
This is free software; see the source for copying conditions.  There is NO
warranty; not even for MERCHANTABILITY or FITNESS FOR A PARTICULAR PURPOSE.

configure:3669: $? = 0
configure:3658: gcc -v >&5
Using built-in specs.
Target: x86_64-redhat-linux
Configured with: ../configure --prefix=/usr --mandir=/usr/share/man --infodir=/usr/share/info --with-bugurl=http://bugzilla.redhat.com/bugzilla --enable-bootstrap --enable-shared --enable-threads=posix --enable-checking=release --with-system-zlib --enable-__cxa_atexit --disable-libunwind-exceptions --enable-gnu-unique-object --enable-languages=c,c++,objc,obj-c++,java,fortran,ada --enable-java-awt=gtk --disable-dssi --with-java-home=/usr/lib/jvm/java-1.5.0-gcj-1.5.0.0/jre --enable-libgcj-multifile --enable-java-maintainer-mode --with-ecj-jar=/usr/share/java/eclipse-ecj.jar --disable-libjava-multilib --with-ppl --with-cloog --with-tune=generic --with-arch_32=i686 --build=x86_64-redhat-linux
Thread model: posix
gcc version 4.4.7 20120313 (Red Hat 4.4.7-16) (GCC) 
configure:3669: $? = 0
configure:3658: gcc -V >&5
gcc: '-V' option must have argument
configure:3669: $? = 1
configure:3658: gcc -qversion >&5
gcc: unrecognized option '-qversion'
gcc: no input files
configure:3669: $? = 1
configure:3689: checking whether the C compiler works
configure:3711: gcc    conftest.c  >&5
configure:3715: $? = 0
configure:3763: result: yes
configure:3766: checking for C compiler default output file name
configure:3768: result: a.out
configure:3774: checking for suffix of executables
configure:3781: gcc -o conftest    conftest.c  >&5
configure:3785: $? = 0
configure:3807: result: 
configure:3829: checking whether we are cross compiling
configure:3837: gcc -o conftest    conftest.c  >&5
configure:3841: $? = 0
configure:3848: ./conftest
configure:3852: $? = 0
configure:3867: result: no
configure:3872: checking for suffix of object files
configure:3894: gcc -c   conftest.c >&5
configure:3898: $? = 0
configure:3919: result: o
configure:3923: checking whether we are using the GNU C compiler
configure:3942: gcc -c   conftest.c >&5
configure:3942: $? = 0
configure:3951: result: yes
configure:3960: checking whether gcc accepts -g
configure:3980: gcc -c -g  conftest.c >&5
configure:3980: $? = 0
configure:4021: result: yes
configure:4038: checking for gcc option to accept ISO C89
configure:4101: gcc  -c -g -O2  conftest.c >&5
configure:4101: $? = 0
configure:4114: result: none needed
configure:4139: checking whether gcc understands -c and -o together
configure:4161: gcc -c conftest.c -o conftest2.o
configure:4164: $? = 0
configure:4161: gcc -c conftest.c -o conftest2.o
configure:4164: $? = 0
configure:4176: result: yes
configure:4195: checking dependency style of gcc
configure:4306: result: gcc3
configure:4371: checking for ar
configure:4387: found /usr/bin/ar
configure:4398: result: ar
configure:4424: checking the archiver (ar) interface
configure:4440: gcc -c -g -O2  conftest.c >&5
configure:4440: $? = 0
configure:4442: ar cru libconftest.a conftest.o >&5
configure:4445: $? = 0
configure:4473: result: ar
configure:4541: checking for gcc
configure:4568: result: gcc
configure:4797: checking for C compiler version
configure:4806: gcc --version >&5
gcc (GCC) 4.4.7 20120313 (Red Hat 4.4.7-16)
Copyright (C) 2010 Free Software Foundation, Inc.
This is free software; see the source for copying conditions.  There is NO
warranty; not even for MERCHANTABILITY or FITNESS FOR A PARTICULAR PURPOSE.

configure:4817: $? = 0
configure:4806: gcc -v >&5
Using built-in specs.
Target: x86_64-redhat-linux
Configured with: ../configure --prefix=/usr --mandir=/usr/share/man --infodir=/usr/share/info --with-bugurl=http://bugzilla.redhat.com/bugzilla --enable-bootstrap --enable-shared --enable-threads=posix --enable-checking=release --with-system-zlib --enable-__cxa_atexit --disable-libunwind-exceptions --enable-gnu-unique-object --enable-languages=c,c++,objc,obj-c++,java,fortran,ada --enable-java-awt=gtk --disable-dssi --with-java-home=/usr/lib/jvm/java-1.5.0-gcj-1.5.0.0/jre --enable-libgcj-multifile --enable-java-maintainer-mode --with-ecj-jar=/usr/share/java/eclipse-ecj.jar --disable-libjava-multilib --with-ppl --with-cloog --with-tune=generic --with-arch_32=i686 --build=x86_64-redhat-linux
Thread model: posix
gcc version 4.4.7 20120313 (Red Hat 4.4.7-16) (GCC) 
configure:4817: $? = 0
configure:4806: gcc -V >&5
gcc: '-V' option must have argument
configure:4817: $? = 1
configure:4806: gcc -qversion >&5
gcc: unrecognized option '-qversion'
gcc: no input files
configure:4817: $? = 1
configure:4821: checking whether we are using the GNU C compiler
configure:4849: result: yes
configure:4858: checking whether gcc accepts -g
configure:4919: result: yes
configure:4936: checking for gcc option to accept ISO C89
configure:5012: result: none needed
configure:5037: checking whether gcc understands -c and -o together
configure:5074: result: yes
configure:5093: checking dependency style of gcc
configure:5204: result: gcc3
configure:5277: checking for g++
configure:5293: found /usr/bin/g++
configure:5304: result: g++
configure:5331: checking for C++ compiler version
configure:5340: g++ --version >&5
g++ (GCC) 4.4.7 20120313 (Red Hat 4.4.7-16)
Copyright (C) 2010 Free Software Foundation, Inc.
This is free software; see the source for copying conditions.  There is NO
warranty; not even for MERCHANTABILITY or FITNESS FOR A PARTICULAR PURPOSE.

configure:5351: $? = 0
configure:5340: g++ -v >&5
Using built-in specs.
Target: x86_64-redhat-linux
Configured with: ../configure --prefix=/usr --mandir=/usr/share/man --infodir=/usr/share/info --with-bugurl=http://bugzilla.redhat.com/bugzilla --enable-bootstrap --enable-shared --enable-threads=posix --enable-checking=release --with-system-zlib --enable-__cxa_atexit --disable-libunwind-exceptions --enable-gnu-unique-object --enable-languages=c,c++,objc,obj-c++,java,fortran,ada --enable-java-awt=gtk --disable-dssi --with-java-home=/usr/lib/jvm/java-1.5.0-gcj-1.5.0.0/jre --enable-libgcj-multifile --enable-java-maintainer-mode --with-ecj-jar=/usr/share/java/eclipse-ecj.jar --disable-libjava-multilib --with-ppl --with-cloog --with-tune=generic --with-arch_32=i686 --build=x86_64-redhat-linux
Thread model: posix
gcc version 4.4.7 20120313 (Red Hat 4.4.7-16) (GCC) 
configure:5351: $? = 0
configure:5340: g++ -V >&5
g++: '-V' option must have argument
configure:5351: $? = 1
configure:5340: g++ -qversion >&5
g++: unrecognized option '-qversion'
g++: no input files
configure:5351: $? = 1
configure:5355: checking whether we are using the GNU C++ compiler
configure:5374: g++ -c   conftest.cpp >&5
configure:5374: $? = 0
configure:5383: result: yes
configure:5392: checking whether g++ accepts -g
configure:5412: g++ -c -g  conftest.cpp >&5
configure:5412: $? = 0
configure:5453: result: yes
configure:5478: checking dependency style of g++
configure:5589: result: gcc3
configure:5604: checking whether make sets $(MAKE)
configure:5626: result: yes
configure:5681: checking how to print strings
configure:5708: result: printf
configure:5729: checking for a sed that does not truncate output
configure:5793: result: /bin/sed
configure:5811: checking for grep that handles long lines and -e
configure:5869: result: /bin/grep
configure:5874: checking for egrep
configure:5936: result: /bin/grep -E
configure:5941: checking for fgrep
configure:6003: result: /bin/grep -F
configure:6038: checking for ld used by gcc
configure:6105: result: /usr/bin/ld
configure:6112: checking if the linker (/usr/bin/ld) is GNU ld
configure:6127: result: yes
configure:6139: checking for BSD- or MS-compatible name lister (nm)
configure:6188: result: /usr/bin/nm -B
configure:6318: checking the name lister (/usr/bin/nm -B) interface
configure:6325: gcc -c -g -O2  conftest.c >&5
configure:6328: /usr/bin/nm -B "conftest.o"
configure:6331: output
0000000000000000 B some_variable
configure:6338: result: BSD nm
configure:6341: checking whether ln -s works
configure:6345: result: yes
configure:6353: checking the maximum length of command line arguments
configure:6483: result: 1966080
configure:6500: checking whether the shell understands some XSI constructs
configure:6510: result: yes
configure:6514: checking whether the shell understands "+="
configure:6520: result: yes
configure:6555: checking how to convert x86_64-unknown-linux-gnu file names to x86_64-unknown-linux-gnu format
configure:6595: result: func_convert_file_noop
configure:6602: checking how to convert x86_64-unknown-linux-gnu file names to toolchain format
configure:6622: result: func_convert_file_noop
configure:6629: checking for /usr/bin/ld option to reload object files
configure:6636: result: -r
configure:6710: checking for objdump
configure:6726: found /usr/bin/objdump
configure:6737: result: objdump
configure:6769: checking how to recognize dependent libraries
configure:6971: result: pass_all
configure:7056: checking for dlltool
configure:7086: result: no
configure:7116: checking how to associate runtime and link libraries
configure:7143: result: printf %s\n
configure:7267: checking for archiver @FILE support
configure:7284: gcc -c -g -O2  conftest.c >&5
configure:7284: $? = 0
configure:7287: ar cru libconftest.a @conftest.lst >&5
configure:7290: $? = 0
configure:7295: ar cru libconftest.a @conftest.lst >&5
ar: conftest.o: No such file or directory
configure:7298: $? = 1
configure:7310: result: @
configure:7368: checking for strip
configure:7384: found /usr/bin/strip
configure:7395: result: strip
configure:7467: checking for ranlib
configure:7483: found /usr/bin/ranlib
configure:7494: result: ranlib
configure:7596: checking command to parse /usr/bin/nm -B output from gcc object
configure:7716: gcc -c -g -O2  conftest.c >&5
configure:7719: $? = 0
configure:7723: /usr/bin/nm -B conftest.o \| sed -n -e 's/^.*[ ]\([ABCDGIRSTW][ABCDGIRSTW]*\)[ ][ ]*\([_A-Za-z][_A-Za-z0-9]*\)$/\1 \2 \2/p' | sed '/ __gnu_lto/d' \> conftest.nm
configure:7726: $? = 0
configure:7792: gcc -o conftest -g -O2   conftest.c conftstm.o >&5
configure:7795: $? = 0
configure:7833: result: ok
configure:7870: checking for sysroot
configure:7900: result: no
configure:7977: gcc -c -g -O2  conftest.c >&5
configure:7980: $? = 0
configure:8156: checking for mt
configure:8172: found /bin/mt
configure:8183: result: mt
configure:8206: checking if mt is a manifest tool
configure:8212: mt '-?'
usage: mt [-v] [--version] [-h] [ -f device ] command [ count ]
configure:8220: result: no
configure:8862: checking how to run the C preprocessor
configure:8893: gcc -E  conftest.c
configure:8893: $? = 0
configure:8907: gcc -E  conftest.c
conftest.c:11:28: error: ac_nonexistent.h: No such file or directory
configure:8907: $? = 1
configure: failed program was:
| /* confdefs.h */
| #define PACKAGE_NAME "ACP"
| #define PACKAGE_TARNAME "acp"
| #define PACKAGE_VERSION "2.0.0"
| #define PACKAGE_STRING "ACP 2.0.0"
| #define PACKAGE_BUGREPORT "http://ace.cc.kyushu-u.ac.jp"
| #define PACKAGE_URL ""
| #define PACKAGE "acp"
| #define VERSION "2.0.0"
| /* end confdefs.h.  */
| #include <ac_nonexistent.h>
configure:8932: result: gcc -E
configure:8952: gcc -E  conftest.c
configure:8952: $? = 0
configure:8966: gcc -E  conftest.c
conftest.c:11:28: error: ac_nonexistent.h: No such file or directory
configure:8966: $? = 1
configure: failed program was:
| /* confdefs.h */
| #define PACKAGE_NAME "ACP"
| #define PACKAGE_TARNAME "acp"
| #define PACKAGE_VERSION "2.0.0"
| #define PACKAGE_STRING "ACP 2.0.0"
| #define PACKAGE_BUGREPORT "http://ace.cc.kyushu-u.ac.jp"
| #define PACKAGE_URL ""
| #define PACKAGE "acp"
| #define VERSION "2.0.0"
| /* end confdefs.h.  */
| #include <ac_nonexistent.h>
configure:8995: checking for ANSI C header files
configure:9015: gcc -c -g -O2  conftest.c >&5
configure:9015: $? = 0
configure:9088: gcc -o conftest -g -O2   conftest.c  >&5
configure:9088: $? = 0
configure:9088: ./conftest
configure:9088: $? = 0
configure:9099: result: yes
configure:9112: checking for sys/types.h
configure:9112: gcc -c -g -O2  conftest.c >&5
configure:9112: $? = 0
configure:9112: result: yes
configure:9112: checking for sys/stat.h
configure:9112: gcc -c -g -O2  conftest.c >&5
configure:9112: $? = 0
configure:9112: result: yes
configure:9112: checking for stdlib.h
configure:9112: gcc -c -g -O2  conftest.c >&5
configure:9112: $? = 0
configure:9112: result: yes
configure:9112: checking for string.h
configure:9112: gcc -c -g -O2  conftest.c >&5
configure:9112: $? = 0
configure:9112: result: yes
configure:9112: checking for memory.h
configure:9112: gcc -c -g -O2  conftest.c >&5
configure:9112: $? = 0
configure:9112: result: yes
configure:9112: checking for strings.h
configure:9112: gcc -c -g -O2  conftest.c >&5
configure:9112: $? = 0
configure:9112: result: yes
configure:9112: checking for inttypes.h
configure:9112: gcc -c -g -O2  conftest.c >&5
configure:9112: $? = 0
configure:9112: result: yes
configure:9112: checking for stdint.h
configure:9112: gcc -c -g -O2  conftest.c >&5
configure:9112: $? = 0
configure:9112: result: yes
configure:9112: checking for unistd.h
configure:9112: gcc -c -g -O2  conftest.c >&5
configure:9112: $? = 0
configure:9112: result: yes
configure:9126: checking for dlfcn.h
configure:9126: gcc -c -g -O2  conftest.c >&5
configure:9126: $? = 0
configure:9126: result: yes
configure:9343: checking for objdir
configure:9358: result: .libs
configure:9629: checking if gcc supports -fno-rtti -fno-exceptions
configure:9647: gcc -c -g -O2  -fno-rtti -fno-exceptions conftest.c >&5
cc1: warning: command line option "-fno-rtti" is valid for C++/ObjC++ but not for C
configure:9651: $? = 0
configure:9664: result: no
configure:9991: checking for gcc option to produce PIC
configure:9998: result: -fPIC -DPIC
configure:10006: checking if gcc PIC flag -fPIC -DPIC works
configure:10024: gcc -c -g -O2  -fPIC -DPIC -DPIC conftest.c >&5
configure:10028: $? = 0
configure:10041: result: yes
configure:10070: checking if gcc static flag -static works
configure:10098: result: yes
configure:10113: checking if gcc supports -c -o file.o
configure:10134: gcc -c -g -O2  -o out/conftest2.o conftest.c >&5
configure:10138: $? = 0
configure:10160: result: yes
configure:10168: checking if gcc supports -c -o file.o
configure:10215: result: yes
configure:10248: checking whether the gcc linker (/usr/bin/ld -m elf_x86_64) supports shared libraries
configure:11401: result: yes
configure:11438: checking whether -lc should be explicitly linked in
configure:11446: gcc -c -g -O2  conftest.c >&5
configure:11449: $? = 0
configure:11464: gcc -shared  -fPIC -DPIC conftest.o  -v -Wl,-soname -Wl,conftest -o conftest 2\>\&1 \| /bin/grep  -lc  \>/dev/null 2\>\&1
configure:11467: $? = 0
configure:11481: result: no
configure:11641: checking dynamic linker characteristics
configure:12152: gcc -o conftest -g -O2   -Wl,-rpath -Wl,/foo conftest.c  >&5
configure:12152: $? = 0
configure:12377: result: GNU/Linux ld.so
configure:12484: checking how to hardcode library paths into programs
configure:12509: result: immediate
configure:13049: checking whether stripping libraries is possible
configure:13054: result: yes
configure:13089: checking if libtool supports shared libraries
configure:13091: result: yes
configure:13094: checking whether to build shared libraries
configure:13115: result: yes
configure:13118: checking whether to build static libraries
configure:13122: result: yes
configure:13145: checking how to run the C++ preprocessor
configure:13172: g++ -E  conftest.cpp
configure:13172: $? = 0
configure:13186: g++ -E  conftest.cpp
conftest.cpp:23:28: error: ac_nonexistent.h: No such file or directory
configure:13186: $? = 1
configure: failed program was:
| /* confdefs.h */
| #define PACKAGE_NAME "ACP"
| #define PACKAGE_TARNAME "acp"
| #define PACKAGE_VERSION "2.0.0"
| #define PACKAGE_STRING "ACP 2.0.0"
| #define PACKAGE_BUGREPORT "http://ace.cc.kyushu-u.ac.jp"
| #define PACKAGE_URL ""
| #define PACKAGE "acp"
| #define VERSION "2.0.0"
| #define STDC_HEADERS 1
| #define HAVE_SYS_TYPES_H 1
| #define HAVE_SYS_STAT_H 1
| #define HAVE_STDLIB_H 1
| #define HAVE_STRING_H 1
| #define HAVE_MEMORY_H 1
| #define HAVE_STRINGS_H 1
| #define HAVE_INTTYPES_H 1
| #define HAVE_STDINT_H 1
| #define HAVE_UNISTD_H 1
| #define HAVE_DLFCN_H 1
| #define LT_OBJDIR ".libs/"
| /* end confdefs.h.  */
| #include <ac_nonexistent.h>
configure:13211: result: g++ -E
configure:13231: g++ -E  conftest.cpp
configure:13231: $? = 0
configure:13245: g++ -E  conftest.cpp
conftest.cpp:23:28: error: ac_nonexistent.h: No such file or directory
configure:13245: $? = 1
configure: failed program was:
| /* confdefs.h */
| #define PACKAGE_NAME "ACP"
| #define PACKAGE_TARNAME "acp"
| #define PACKAGE_VERSION "2.0.0"
| #define PACKAGE_STRING "ACP 2.0.0"
| #define PACKAGE_BUGREPORT "http://ace.cc.kyushu-u.ac.jp"
| #define PACKAGE_URL ""
| #define PACKAGE "acp"
| #define VERSION "2.0.0"
| #define STDC_HEADERS 1
| #define HAVE_SYS_TYPES_H 1
| #define HAVE_SYS_STAT_H 1
| #define HAVE_STDLIB_H 1
| #define HAVE_STRING_H 1
| #define HAVE_MEMORY_H 1
| #define HAVE_STRINGS_H 1
| #define HAVE_INTTYPES_H 1
| #define HAVE_STDINT_H 1
| #define HAVE_UNISTD_H 1
| #define HAVE_DLFCN_H 1
| #define LT_OBJDIR ".libs/"
| /* end confdefs.h.  */
| #include <ac_nonexistent.h>
configure:13414: checking for ld used by g++
configure:13481: result: /usr/bin/ld -m elf_x86_64
configure:13488: checking if the linker (/usr/bin/ld -m elf_x86_64) is GNU ld
configure:13503: result: yes
configure:13558: checking whether the g++ linker (/usr/bin/ld -m elf_x86_64) supports shared libraries
configure:14563: result: yes
configure:14599: g++ -c -g -O2  conftest.cpp >&5
configure:14602: $? = 0
configure:15122: checking for g++ option to produce PIC
configure:15129: result: -fPIC -DPIC
configure:15137: checking if g++ PIC flag -fPIC -DPIC works
configure:15155: g++ -c -g -O2  -fPIC -DPIC -DPIC conftest.cpp >&5
configure:15159: $? = 0
configure:15172: result: yes
configure:15195: checking if g++ static flag -static works
configure:15223: result: yes
configure:15235: checking if g++ supports -c -o file.o
configure:15256: g++ -c -g -O2  -o out/conftest2.o conftest.cpp >&5
configure:15260: $? = 0
configure:15282: result: yes
configure:15287: checking if g++ supports -c -o file.o
configure:15334: result: yes
configure:15364: checking whether the g++ linker (/usr/bin/ld -m elf_x86_64) supports shared libraries
configure:15400: result: yes
configure:15541: checking dynamic linker characteristics
configure:16211: result: GNU/Linux ld.so
configure:16264: checking how to hardcode library paths into programs
configure:16289: result: immediate
configure:16351: checking whether ln -s works
configure:16355: result: yes
configure:16537: checking for a Python interpreter with version >= 2.6
configure:16554: python -c import sys # split strings by '.' and convert to numeric. Append some zeros # because we need at least 4 digits for the hex conversion. # map returns an iterator in Python 3.0 and a list in 2.x minver = list(map(int, '2.6'.split('.'))) + [0, 0, 0] minverhex = 0 # xrange is not present in Python 3.0 and range returns an iterator for i in list(range(0, 4)): minverhex = (minverhex << 8) + minver[i] sys.exit(sys.hexversion < minverhex)
configure:16557: $? = 0
configure:16563: result: python
configure:16571: checking for python
configure:16589: found /usr/bin/python
configure:16601: result: /usr/bin/python
configure:16619: checking for python version
configure:16626: result: 2.6
configure:16638: checking for python platform
configure:16645: result: linux2
configure:16671: checking for python script directory
configure:16706: result: ${prefix}/lib/python2.6/site-packages
configure:16715: checking for python extension module directory
configure:16750: result: ${exec_prefix}/lib64/python2.6/site-packages
configure:16793: checking for socket in -lsocket
configure:16818: gcc -o conftest -g -O2   conftest.c -lsocket   >&5
/usr/bin/ld: cannot find -lsocket
collect2: ld returned 1 exit status
configure:16818: $? = 1
configure: failed program was:
| /* confdefs.h */
| #define PACKAGE_NAME "ACP"
| #define PACKAGE_TARNAME "acp"
| #define PACKAGE_VERSION "2.0.0"
| #define PACKAGE_STRING "ACP 2.0.0"
| #define PACKAGE_BUGREPORT "http://ace.cc.kyushu-u.ac.jp"
| #define PACKAGE_URL ""
| #define PACKAGE "acp"
| #define VERSION "2.0.0"
| #define STDC_HEADERS 1
| #define HAVE_SYS_TYPES_H 1
| #define HAVE_SYS_STAT_H 1
| #define HAVE_STDLIB_H 1
| #define HAVE_STRING_H 1
| #define HAVE_MEMORY_H 1
| #define HAVE_STRINGS_H 1
| #define HAVE_INTTYPES_H 1
| #define HAVE_STDINT_H 1
| #define HAVE_UNISTD_H 1
| #define HAVE_DLFCN_H 1
| #define LT_OBJDIR ".libs/"
| /* end confdefs.h.  */
| 
| /* Override any GCC internal prototype to avoid an error.
|    Use char because int might match the return type of a GCC
|    builtin and then its argument prototype would still apply.  */
| #ifdef __cplusplus
| extern "C"
| #endif
| char socket ();
| int
| main ()
| {
| return socket ();
|   ;
|   return 0;
| }
configure:16827: result: no
configure:16839: checking for ibv_get_device_list in -libverbs
configure:16864: gcc -o conftest -g -O2   conftest.c -libverbs   >&5
configure:16864: $? = 0
configure:16873: result: yes
configure:16908: checking for pthread_create in -lpthread
configure:16933: gcc -o conftest -g -O2   conftest.c -lpthread   >&5
configure:16933: $? = 0
configure:16942: result: yes
configure:16958: checking arpa/inet.h usability
configure:16958: gcc -c -g -O2  conftest.c >&5
configure:16958: $? = 0
configure:16958: result: yes
configure:16958: checking arpa/inet.h presence
configure:16958: gcc -E  conftest.c
configure:16958: $? = 0
configure:16958: result: yes
configure:16958: checking for arpa/inet.h
configure:16958: result: yes
configure:16958: checking for inttypes.h
configure:16958: result: yes
configure:16958: checking netdb.h usability
configure:16958: gcc -c -g -O2  conftest.c >&5
configure:16958: $? = 0
configure:16958: result: yes
configure:16958: checking netdb.h presence
configure:16958: gcc -E  conftest.c
configure:16958: $? = 0
configure:16958: result: yes
configure:16958: checking for netdb.h
configure:16958: result: yes
configure:16958: checking netinet/in.h usability
configure:16958: gcc -c -g -O2  conftest.c >&5
configure:16958: $? = 0
configure:16958: result: yes
configure:16958: checking netinet/in.h presence
configure:16958: gcc -E  conftest.c
configure:16958: $? = 0
configure:16958: result: yes
configure:16958: checking for netinet/in.h
configure:16958: result: yes
configure:16958: checking for stdint.h
configure:16958: result: yes
configure:16958: checking for stdlib.h
configure:16958: result: yes
configure:16958: checking for string.h
configure:16958: result: yes
configure:16958: checking sys/socket.h usability
configure:16958: gcc -c -g -O2  conftest.c >&5
configure:16958: $? = 0
configure:16958: result: yes
configure:16958: checking sys/socket.h presence
configure:16958: gcc -E  conftest.c
configure:16958: $? = 0
configure:16958: result: yes
configure:16958: checking for sys/socket.h
configure:16958: result: yes
configure:16958: checking for unistd.h
configure:16958: result: yes
configure:16970: checking for inline
configure:16986: gcc -c -g -O2  conftest.c >&5
configure:16986: $? = 0
configure:16994: result: inline
configure:17012: checking for int64_t
configure:17012: gcc -c -g -O2  conftest.c >&5
configure:17012: $? = 0
configure:17012: gcc -c -g -O2  conftest.c >&5
conftest.c: In function 'main':
conftest.c:71: warning: integer overflow in expression
conftest.c:71: error: size of array 'test_array' is negative
configure:17012: $? = 1
configure: failed program was:
| /* confdefs.h */
| #define PACKAGE_NAME "ACP"
| #define PACKAGE_TARNAME "acp"
| #define PACKAGE_VERSION "2.0.0"
| #define PACKAGE_STRING "ACP 2.0.0"
| #define PACKAGE_BUGREPORT "http://ace.cc.kyushu-u.ac.jp"
| #define PACKAGE_URL ""
| #define PACKAGE "acp"
| #define VERSION "2.0.0"
| #define STDC_HEADERS 1
| #define HAVE_SYS_TYPES_H 1
| #define HAVE_SYS_STAT_H 1
| #define HAVE_STDLIB_H 1
| #define HAVE_STRING_H 1
| #define HAVE_MEMORY_H 1
| #define HAVE_STRINGS_H 1
| #define HAVE_INTTYPES_H 1
| #define HAVE_STDINT_H 1
| #define HAVE_UNISTD_H 1
| #define HAVE_DLFCN_H 1
| #define LT_OBJDIR ".libs/"
| #define HAVE_LIBPTHREAD 1
| #define HAVE_ARPA_INET_H 1
| #define HAVE_INTTYPES_H 1
| #define HAVE_NETDB_H 1
| #define HAVE_NETINET_IN_H 1
| #define HAVE_STDINT_H 1
| #define HAVE_STDLIB_H 1
| #define HAVE_STRING_H 1
| #define HAVE_SYS_SOCKET_H 1
| #define HAVE_UNISTD_H 1
| /* end confdefs.h.  */
| #include <stdio.h>
| #ifdef HAVE_SYS_TYPES_H
| # include <sys/types.h>
| #endif
| #ifdef HAVE_SYS_STAT_H
| # include <sys/stat.h>
| #endif
| #ifdef STDC_HEADERS
| # include <stdlib.h>
| # include <stddef.h>
| #else
| # ifdef HAVE_STDLIB_H
| #  include <stdlib.h>
| # endif
| #endif
| #ifdef HAVE_STRING_H
| # if !defined STDC_HEADERS && defined HAVE_MEMORY_H
| #  include <memory.h>
| # endif
| # include <string.h>
| #endif
| #ifdef HAVE_STRINGS_H
| # include <strings.h>
| #endif
| #ifdef HAVE_INTTYPES_H
| # include <inttypes.h>
| #endif
| #ifdef HAVE_STDINT_H
| # include <stdint.h>
| #endif
| #ifdef HAVE_UNISTD_H
| # include <unistd.h>
| #endif
| 	        enum { N = 64 / 2 - 1 };
| int
| main ()
| {
| static int test_array [1 - 2 * !((int64_t) (((((int64_t) 1 << N) << N) - 1) * 2 + 1)
| 		 < (int64_t) (((((int64_t) 1 << N) << N) - 1) * 2 + 2))];
| test_array [0] = 0;
| return test_array [0];
| 
|   ;
|   return 0;
| }
configure:17012: result: yes
configure:17023: checking for size_t
configure:17023: gcc -c -g -O2  conftest.c >&5
configure:17023: $? = 0
configure:17023: gcc -c -g -O2  conftest.c >&5
conftest.c: In function 'main':
conftest.c:69: error: expected expression before ')' token
configure:17023: $? = 1
configure: failed program was:
| /* confdefs.h */
| #define PACKAGE_NAME "ACP"
| #define PACKAGE_TARNAME "acp"
| #define PACKAGE_VERSION "2.0.0"
| #define PACKAGE_STRING "ACP 2.0.0"
| #define PACKAGE_BUGREPORT "http://ace.cc.kyushu-u.ac.jp"
| #define PACKAGE_URL ""
| #define PACKAGE "acp"
| #define VERSION "2.0.0"
| #define STDC_HEADERS 1
| #define HAVE_SYS_TYPES_H 1
| #define HAVE_SYS_STAT_H 1
| #define HAVE_STDLIB_H 1
| #define HAVE_STRING_H 1
| #define HAVE_MEMORY_H 1
| #define HAVE_STRINGS_H 1
| #define HAVE_INTTYPES_H 1
| #define HAVE_STDINT_H 1
| #define HAVE_UNISTD_H 1
| #define HAVE_DLFCN_H 1
| #define LT_OBJDIR ".libs/"
| #define HAVE_LIBPTHREAD 1
| #define HAVE_ARPA_INET_H 1
| #define HAVE_INTTYPES_H 1
| #define HAVE_NETDB_H 1
| #define HAVE_NETINET_IN_H 1
| #define HAVE_STDINT_H 1
| #define HAVE_STDLIB_H 1
| #define HAVE_STRING_H 1
| #define HAVE_SYS_SOCKET_H 1
| #define HAVE_UNISTD_H 1
| /* end confdefs.h.  */
| #include <stdio.h>
| #ifdef HAVE_SYS_TYPES_H
| # include <sys/types.h>
| #endif
| #ifdef HAVE_SYS_STAT_H
| # include <sys/stat.h>
| #endif
| #ifdef STDC_HEADERS
| # include <stdlib.h>
| # include <stddef.h>
| #else
| # ifdef HAVE_STDLIB_H
| #  include <stdlib.h>
| # endif
| #endif
| #ifdef HAVE_STRING_H
| # if !defined STDC_HEADERS && defined HAVE_MEMORY_H
| #  include <memory.h>
| # endif
| # include <string.h>
| #endif
| #ifdef HAVE_STRINGS_H
| # include <strings.h>
| #endif
| #ifdef HAVE_INTTYPES_H
| # include <inttypes.h>
| #endif
| #ifdef HAVE_STDINT_H
| # include <stdint.h>
| #endif
| #ifdef HAVE_UNISTD_H
| # include <unistd.h>
| #endif
| int
| main ()
| {
| if (sizeof ((size_t)))
| 	    return 0;
|   ;
|   return 0;
| }
configure:17023: result: yes
configure:17034: checking for ssize_t
configure:17034: gcc -c -g -O2  conftest.c >&5
configure:17034: $? = 0
configure:17034: gcc -c -g -O2  conftest.c >&5
conftest.c: In function 'main':
conftest.c:69: error: expected expression before ')' token
configure:17034: $? = 1
configure: failed program was:
| /* confdefs.h */
| #define PACKAGE_NAME "ACP"
| #define PACKAGE_TARNAME "acp"
| #define PACKAGE_VERSION "2.0.0"
| #define PACKAGE_STRING "ACP 2.0.0"
| #define PACKAGE_BUGREPORT "http://ace.cc.kyushu-u.ac.jp"
| #define PACKAGE_URL ""
| #define PACKAGE "acp"
| #define VERSION "2.0.0"
| #define STDC_HEADERS 1
| #define HAVE_SYS_TYPES_H 1
| #define HAVE_SYS_STAT_H 1
| #define HAVE_STDLIB_H 1
| #define HAVE_STRING_H 1
| #define HAVE_MEMORY_H 1
| #define HAVE_STRINGS_H 1
| #define HAVE_INTTYPES_H 1
| #define HAVE_STDINT_H 1
| #define HAVE_UNISTD_H 1
| #define HAVE_DLFCN_H 1
| #define LT_OBJDIR ".libs/"
| #define HAVE_LIBPTHREAD 1
| #define HAVE_ARPA_INET_H 1
| #define HAVE_INTTYPES_H 1
| #define HAVE_NETDB_H 1
| #define HAVE_NETINET_IN_H 1
| #define HAVE_STDINT_H 1
| #define HAVE_STDLIB_H 1
| #define HAVE_STRING_H 1
| #define HAVE_SYS_SOCKET_H 1
| #define HAVE_UNISTD_H 1
| /* end confdefs.h.  */
| #include <stdio.h>
| #ifdef HAVE_SYS_TYPES_H
| # include <sys/types.h>
| #endif
| #ifdef HAVE_SYS_STAT_H
| # include <sys/stat.h>
| #endif
| #ifdef STDC_HEADERS
| # include <stdlib.h>
| # include <stddef.h>
| #else
| # ifdef HAVE_STDLIB_H
| #  include <stdlib.h>
| # endif
| #endif
| #ifdef HAVE_STRING_H
| # if !defined STDC_HEADERS && defined HAVE_MEMORY_H
| #  include <memory.h>
| # endif
| # include <string.h>
| #endif
| #ifdef HAVE_STRINGS_H
| # include <strings.h>
| #endif
| #ifdef HAVE_INTTYPES_H
| # include <inttypes.h>
| #endif
| #ifdef HAVE_STDINT_H
| # include <stdint.h>
| #endif
| #ifdef HAVE_UNISTD_H
| # include <unistd.h>
| #endif
| int
| main ()
| {
| if (sizeof ((ssize_t)))
| 	    return 0;
|   ;
|   return 0;
| }
configure:17034: result: yes
configure:17045: checking for uint16_t
configure:17045: gcc -c -g -O2  conftest.c >&5
configure:17045: $? = 0
configure:17045: result: yes
configure:17057: checking for uint32_t
configure:17057: gcc -c -g -O2  conftest.c >&5
configure:17057: $? = 0
configure:17057: result: yes
configure:17071: checking for uint64_t
configure:17071: gcc -c -g -O2  conftest.c >&5
configure:17071: $? = 0
configure:17071: result: yes
configure:17089: checking for stdlib.h
configure:17089: result: yes
configure:17099: checking for GNU libc compatible malloc
configure:17123: gcc -o conftest -g -O2   conftest.c -lpthread  >&5
configure:17123: $? = 0
configure:17123: ./conftest
configure:17123: $? = 0
configure:17133: result: yes
configure:17157: checking for clock_gettime
configure:17157: gcc -o conftest -g -O2   conftest.c -lpthread  >&5
/tmp/ccojVr1B.o: In function `main':
/home/shibamura/acp/exe/devel/conftest.c:69: undefined reference to `clock_gettime'
collect2: ld returned 1 exit status
configure:17157: $? = 1
configure: failed program was:
| /* confdefs.h */
| #define PACKAGE_NAME "ACP"
| #define PACKAGE_TARNAME "acp"
| #define PACKAGE_VERSION "2.0.0"
| #define PACKAGE_STRING "ACP 2.0.0"
| #define PACKAGE_BUGREPORT "http://ace.cc.kyushu-u.ac.jp"
| #define PACKAGE_URL ""
| #define PACKAGE "acp"
| #define VERSION "2.0.0"
| #define STDC_HEADERS 1
| #define HAVE_SYS_TYPES_H 1
| #define HAVE_SYS_STAT_H 1
| #define HAVE_STDLIB_H 1
| #define HAVE_STRING_H 1
| #define HAVE_MEMORY_H 1
| #define HAVE_STRINGS_H 1
| #define HAVE_INTTYPES_H 1
| #define HAVE_STDINT_H 1
| #define HAVE_UNISTD_H 1
| #define HAVE_DLFCN_H 1
| #define LT_OBJDIR ".libs/"
| #define HAVE_LIBPTHREAD 1
| #define HAVE_ARPA_INET_H 1
| #define HAVE_INTTYPES_H 1
| #define HAVE_NETDB_H 1
| #define HAVE_NETINET_IN_H 1
| #define HAVE_STDINT_H 1
| #define HAVE_STDLIB_H 1
| #define HAVE_STRING_H 1
| #define HAVE_SYS_SOCKET_H 1
| #define HAVE_UNISTD_H 1
| #define HAVE_STDLIB_H 1
| #define HAVE_MALLOC 1
| /* end confdefs.h.  */
| /* Define clock_gettime to an innocuous variant, in case <limits.h> declares clock_gettime.
|    For example, HP-UX 11i <limits.h> declares gettimeofday.  */
| #define clock_gettime innocuous_clock_gettime
| 
| /* System header to define __stub macros and hopefully few prototypes,
|     which can conflict with char clock_gettime (); below.
|     Prefer <limits.h> to <assert.h> if __STDC__ is defined, since
|     <limits.h> exists even on freestanding compilers.  */
| 
| #ifdef __STDC__
| # include <limits.h>
| #else
| # include <assert.h>
| #endif
| 
| #undef clock_gettime
| 
| /* Override any GCC internal prototype to avoid an error.
|    Use char because int might match the return type of a GCC
|    builtin and then its argument prototype would still apply.  */
| #ifdef __cplusplus
| extern "C"
| #endif
| char clock_gettime ();
| /* The GNU C library defines this for functions which it implements
|     to always fail with ENOSYS.  Some functions are actually named
|     something starting with __ and the normal name is an alias.  */
| #if defined __stub_clock_gettime || defined __stub___clock_gettime
| choke me
| #endif
| 
| int
| main ()
| {
| return clock_gettime ();
|   ;
|   return 0;
| }
configure:17157: result: no
configure:17157: checking for gethostbyname
configure:17157: gcc -o conftest -g -O2   conftest.c -lpthread  >&5
configure:17157: $? = 0
configure:17157: result: yes
configure:17157: checking for inet_ntoa
configure:17157: gcc -o conftest -g -O2   conftest.c -lpthread  >&5
configure:17157: $? = 0
configure:17157: result: yes
configure:17157: checking for memset
configure:17157: gcc -o conftest -g -O2   conftest.c -lpthread  >&5
conftest.c:60: warning: conflicting types for built-in function 'memset'
configure:17157: $? = 0
configure:17157: result: yes
configure:17157: checking for socket
configure:17157: gcc -o conftest -g -O2   conftest.c -lpthread  >&5
configure:17157: $? = 0
configure:17157: result: yes
configure:17157: checking for strdup
configure:17157: gcc -o conftest -g -O2   conftest.c -lpthread  >&5
conftest.c:62: warning: conflicting types for built-in function 'strdup'
configure:17157: $? = 0
configure:17157: result: yes
configure:17157: checking for strtol
configure:17157: gcc -o conftest -g -O2   conftest.c -lpthread  >&5
configure:17157: $? = 0
configure:17157: result: yes
configure:17180: builddir: /home/shibamura/acp/exe/devel
configure:17182: srcdir: /home/shibamura/acp/exe/devel
configure:17300: checking that generated files are newer than configure
configure:17306: result: done
configure:17357: creating ./config.status

## ---------------------- ##
## Running config.status. ##
## ---------------------- ##

This file was extended by ACP config.status 2.0.0, which was
generated by GNU Autoconf 2.69.  Invocation command line was

  CONFIG_FILES    = 
  CONFIG_HEADERS  = 
  CONFIG_LINKS    = 
  CONFIG_COMMANDS = 
  $ ./config.status 

on acecls

config.status:1212: creating Makefile
config.status:1212: creating sample/Makefile
config.status:1212: creating sample/bl/Makefile
config.status:1212: creating sample/bl/ib/Makefile
config.status:1212: creating sample/bl/udp/Makefile
config.status:1212: creating sample/ml/Makefile
config.status:1212: creating sample/ml/cl/Makefile
config.status:1212: creating sample/ml/dl/Makefile
config.status:1212: creating scripts/Makefile
config.status:1212: creating src/Makefile
config.status:1212: creating src/bl/Makefile
config.status:1212: creating src/bl/ib/Makefile
config.status:1212: creating src/bl/udp/Makefile
config.status:1212: creating src/include/Makefile
config.status:1212: creating src/ml/Makefile
config.status:1212: creating src/ml/cl/Makefile
config.status:1212: creating src/ml/dl/Makefile
config.status:1212: creating test/Makefile
config.status:1212: creating test/bl/Makefile
config.status:1212: creating test/ml/Makefile
config.status:1212: creating test/ml/dl/Makefile
config.status:1212: creating test/ml/cl/Makefile
config.status:1212: creating config/config.h
config.status:1441: executing depfiles commands
config.status:1441: executing libtool commands

## ---------------- ##
## Cache variables. ##
## ---------------- ##

ac_cv_build=x86_64-unknown-linux-gnu
ac_cv_c_compiler_gnu=yes
ac_cv_c_inline=inline
ac_cv_c_int64_t=yes
ac_cv_c_uint16_t=yes
ac_cv_c_uint32_t=yes
ac_cv_c_uint64_t=yes
ac_cv_cxx_compiler_gnu=yes
ac_cv_env_CCC_set=
ac_cv_env_CCC_value=
ac_cv_env_CC_set=
ac_cv_env_CC_value=
ac_cv_env_CFLAGS_set=
ac_cv_env_CFLAGS_value=
ac_cv_env_CPPFLAGS_set=
ac_cv_env_CPPFLAGS_value=
ac_cv_env_CPP_set=
ac_cv_env_CPP_value=
ac_cv_env_CXXCPP_set=
ac_cv_env_CXXCPP_value=
ac_cv_env_CXXFLAGS_set=
ac_cv_env_CXXFLAGS_value=
ac_cv_env_CXX_set=
ac_cv_env_CXX_value=
ac_cv_env_LDFLAGS_set=
ac_cv_env_LDFLAGS_value=
ac_cv_env_LIBS_set=
ac_cv_env_LIBS_value=
ac_cv_env_MPICC_set=
ac_cv_env_MPICC_value=
ac_cv_env_MPI_CPPFLAGS_set=
ac_cv_env_MPI_CPPFLAGS_value=
ac_cv_env_PYTHON_set=
ac_cv_env_PYTHON_value=
ac_cv_env_build_alias_set=
ac_cv_env_build_alias_value=
ac_cv_env_host_alias_set=
ac_cv_env_host_alias_value=
ac_cv_env_target_alias_set=
ac_cv_env_target_alias_value=
ac_cv_func_clock_gettime=no
ac_cv_func_gethostbyname=yes
ac_cv_func_inet_ntoa=yes
ac_cv_func_malloc_0_nonnull=yes
ac_cv_func_memset=yes
ac_cv_func_socket=yes
ac_cv_func_strdup=yes
ac_cv_func_strtol=yes
ac_cv_header_arpa_inet_h=yes
ac_cv_header_dlfcn_h=yes
ac_cv_header_inttypes_h=yes
ac_cv_header_memory_h=yes
ac_cv_header_netdb_h=yes
ac_cv_header_netinet_in_h=yes
ac_cv_header_stdc=yes
ac_cv_header_stdint_h=yes
ac_cv_header_stdlib_h=yes
ac_cv_header_string_h=yes
ac_cv_header_strings_h=yes
ac_cv_header_sys_socket_h=yes
ac_cv_header_sys_stat_h=yes
ac_cv_header_sys_types_h=yes
ac_cv_header_unistd_h=yes
ac_cv_host=x86_64-unknown-linux-gnu
ac_cv_lib_ibverbs_ibv_get_device_list=yes
ac_cv_lib_pthread_pthread_create=yes
ac_cv_lib_socket_socket=no
ac_cv_objext=o
ac_cv_path_EGREP='/bin/grep -E'
ac_cv_path_FGREP='/bin/grep -F'
ac_cv_path_GREP=/bin/grep
ac_cv_path_PYTHON=/usr/bin/python
ac_cv_path_SED=/bin/sed
ac_cv_path_install='/usr/bin/install -c'
ac_cv_path_mkdir=/bin/mkdir
ac_cv_prog_AWK=gawk
ac_cv_prog_CPP='gcc -E'
ac_cv_prog_CXXCPP='g++ -E'
ac_cv_prog_ac_ct_AR=ar
ac_cv_prog_ac_ct_CC=gcc
ac_cv_prog_ac_ct_CXX=g++
ac_cv_prog_ac_ct_MANIFEST_TOOL=mt
ac_cv_prog_ac_ct_OBJDUMP=objdump
ac_cv_prog_ac_ct_RANLIB=ranlib
ac_cv_prog_ac_ct_STRIP=strip
ac_cv_prog_cc_c89=
ac_cv_prog_cc_g=yes
ac_cv_prog_cxx_g=yes
ac_cv_prog_make_make_set=yes
ac_cv_type_size_t=yes
ac_cv_type_ssize_t=yes
am_cv_CC_dependencies_compiler_type=gcc3
am_cv_CXX_dependencies_compiler_type=gcc3
am_cv_ar_interface=ar
am_cv_make_support_nested_variables=yes
am_cv_pathless_PYTHON=python
am_cv_prog_cc_c_o=yes
am_cv_python_platform=linux2
am_cv_python_pyexecdir='${exec_prefix}/lib64/python2.6/site-packages'
am_cv_python_pythondir='${prefix}/lib/python2.6/site-packages'
am_cv_python_version=2.6
lt_cv_ar_at_file=@
lt_cv_archive_cmds_need_lc=no
lt_cv_deplibs_check_method=pass_all
lt_cv_file_magic_cmd='$MAGIC_CMD'
lt_cv_file_magic_test_file=
lt_cv_ld_reload_flag=-r
lt_cv_nm_interface='BSD nm'
lt_cv_objdir=.libs
lt_cv_path_LD=/usr/bin/ld
lt_cv_path_LDCXX='/usr/bin/ld -m elf_x86_64'
lt_cv_path_NM='/usr/bin/nm -B'
lt_cv_path_mainfest_tool=no
lt_cv_prog_compiler_c_o=yes
lt_cv_prog_compiler_c_o_CXX=yes
lt_cv_prog_compiler_pic='-fPIC -DPIC'
lt_cv_prog_compiler_pic_CXX='-fPIC -DPIC'
lt_cv_prog_compiler_pic_works=yes
lt_cv_prog_compiler_pic_works_CXX=yes
lt_cv_prog_compiler_rtti_exceptions=no
lt_cv_prog_compiler_static_works=yes
lt_cv_prog_compiler_static_works_CXX=yes
lt_cv_prog_gnu_ld=yes
lt_cv_prog_gnu_ldcxx=yes
lt_cv_sharedlib_from_linklib_cmd='printf %s\n'
lt_cv_shlibpath_overrides_runpath=no
lt_cv_sys_global_symbol_pipe='sed -n -e '\''s/^.*[	 ]\([ABCDGIRSTW][ABCDGIRSTW]*\)[	 ][	 ]*\([_A-Za-z][_A-Za-z0-9]*\)$/\1 \2 \2/p'\'' | sed '\''/ __gnu_lto/d'\'''
lt_cv_sys_global_symbol_to_c_name_address='sed -n -e '\''s/^: \([^ ]*\)[ ]*$/  {\"\1\", (void *) 0},/p'\'' -e '\''s/^[ABCDGIRSTW]* \([^ ]*\) \([^ ]*\)$/  {"\2", (void *) \&\2},/p'\'''
lt_cv_sys_global_symbol_to_c_name_address_lib_prefix='sed -n -e '\''s/^: \([^ ]*\)[ ]*$/  {\"\1\", (void *) 0},/p'\'' -e '\''s/^[ABCDGIRSTW]* \([^ ]*\) \(lib[^ ]*\)$/  {"\2", (void *) \&\2},/p'\'' -e '\''s/^[ABCDGIRSTW]* \([^ ]*\) \([^ ]*\)$/  {"lib\2", (void *) \&\2},/p'\'''
lt_cv_sys_global_symbol_to_cdecl='sed -n -e '\''s/^T .* \(.*\)$/extern int \1();/p'\'' -e '\''s/^[ABCDGIRSTW]* .* \(.*\)$/extern char \1;/p'\'''
lt_cv_sys_max_cmd_len=1966080
lt_cv_to_host_file_cmd=func_convert_file_noop
lt_cv_to_tool_file_cmd=func_convert_file_noop

## ----------------- ##
## Output variables. ##
## ----------------- ##

ACLOCAL='${SHELL} /home/shibamura/acp/exe/devel/config/missing aclocal-1.15'
AMDEPBACKSLASH='\'
AMDEP_FALSE='#'
AMDEP_TRUE=''
AMTAR='$${TAR-tar}'
AM_BACKSLASH='\'
AM_DEFAULT_V='$(AM_DEFAULT_VERBOSITY)'
AM_DEFAULT_VERBOSITY='1'
AM_V='$(V)'
AR='ar'
AUTOCONF='${SHELL} /home/shibamura/acp/exe/devel/config/missing autoconf'
AUTOHEADER='${SHELL} /home/shibamura/acp/exe/devel/config/missing autoheader'
AUTOMAKE='${SHELL} /home/shibamura/acp/exe/devel/config/missing automake-1.15'
AWK='gawk'
CC='gcc'
CCDEPMODE='depmode=gcc3'
CFLAGS='-g -O2'
CPP='gcc -E'
CPPFLAGS=''
CXX='g++'
CXXCPP='g++ -E'
CXXDEPMODE='depmode=gcc3'
CXXFLAGS='-g -O2'
CYGPATH_W='echo'
DEFS='-DHAVE_CONFIG_H'
DEPDIR='.deps'
DLLTOOL='false'
DSYMUTIL=''
DUMPBIN=''
ECHO_C=''
ECHO_N='-n'
ECHO_T=''
EGREP='/bin/grep -E'
EXEEXT=''
FGREP='/bin/grep -F'
GREP='/bin/grep'
HAVE_MPICC=''
HAVE_MPICC_FALSE=''
HAVE_MPICC_TRUE='#'
HAVE_PYTHON_FALSE='#'
HAVE_PYTHON_TRUE=''
INSTALL_DATA='${INSTALL} -m 644'
INSTALL_PROGRAM='${INSTALL}'
INSTALL_SCRIPT='${INSTALL}'
INSTALL_STRIP_PROGRAM='$(install_sh) -c -s'
LD='/usr/bin/ld -m elf_x86_64'
LDFLAGS=''
LIBOBJS=''
LIBS='-lpthread '
LIBTOOL='$(SHELL) $(top_builddir)/libtool'
LIPO=''
LN_S='ln -s'
LTLIBOBJS=''
MAINT='#'
MAINTAINER_MODE_FALSE=''
MAINTAINER_MODE_TRUE='#'
MAKEINFO='${SHELL} /home/shibamura/acp/exe/devel/config/missing makeinfo'
MANIFEST_TOOL=':'
MKDIR_P='/bin/mkdir -p'
MPICC=''
MPI_CPPFLAGS=''
NETDEV='IB'
NM='/usr/bin/nm -B'
NMEDIT=''
OBJDUMP='objdump'
OBJEXT='o'
OTOOL64=''
OTOOL=''
PACKAGE='acp'
PACKAGE_BUGREPORT='http://ace.cc.kyushu-u.ac.jp'
PACKAGE_NAME='ACP'
PACKAGE_STRING='ACP 2.0.0'
PACKAGE_TARNAME='acp'
PACKAGE_URL=''
PACKAGE_VERSION='2.0.0'
PATH_SEPARATOR=':'
PYTHON='/usr/bin/python'
PYTHON_EXEC_PREFIX='${exec_prefix}'
PYTHON_PLATFORM='linux2'
PYTHON_PREFIX='${prefix}'
PYTHON_VERSION='2.6'
RANLIB='ranlib'
SED='/bin/sed'
SET_MAKE=''
SHELL='/bin/sh'
STRIP='strip'
VERSION='2.0.0'
WITH_INFINIBAND_FALSE='#'
WITH_INFINIBAND_TRUE=''
WITH_SHARED_LIBS_FALSE='#'
WITH_SHARED_LIBS_TRUE=''
ac_ct_AR='ar'
ac_ct_CC='gcc'
ac_ct_CXX='g++'
ac_ct_DUMPBIN=''
am__EXEEXT_FALSE=''
am__EXEEXT_TRUE='#'
am__fastdepCC_FALSE='#'
am__fastdepCC_TRUE=''
am__fastdepCXX_FALSE='#'
am__fastdepCXX_TRUE=''
am__include='include'
am__isrc=''
am__leading_dot='.'
am__nodep='_no'
am__quote=''
am__tar='$${TAR-tar} chof - "$$tardir"'
am__untar='$${TAR-tar} xf -'
bindir='${exec_prefix}/bin'
build='x86_64-unknown-linux-gnu'
build_alias=''
build_cpu='x86_64'
build_os='linux-gnu'
build_vendor='unknown'
datadir='${datarootdir}'
datarootdir='${prefix}/share'
docdir='${datarootdir}/doc/${PACKAGE_TARNAME}'
dvidir='${docdir}'
exec_prefix='${prefix}'
have_mpi='no'
host='x86_64-unknown-linux-gnu'
host_alias=''
host_cpu='x86_64'
host_os='linux-gnu'
host_vendor='unknown'
htmldir='${docdir}'
includedir='${prefix}/include'
infodir='${datarootdir}/info'
install_sh='${SHELL} /home/shibamura/acp/exe/devel/config/install-sh'
libacpbl_ib_version='0:1:0'
libacpbl_udp_version='0:1:0'
libacpml_version='1:0:1'
libdir='${exec_prefix}/lib'
libexecdir='${exec_prefix}/libexec'
localedir='${datarootdir}/locale'
localstatedir='${prefix}/var'
mandir='${datarootdir}/man'
mkdir_p='$(MKDIR_P)'
oldincludedir='/usr/include'
pdfdir='${docdir}'
pkgpyexecdir='${pyexecdir}/acp'
pkgpythondir='${pythondir}/acp'
prefix='/home/shibamura/acp/exe/curr'
program_transform_name='s,x,x,'
psdir='${docdir}'
pyexecdir='${exec_prefix}/lib64/python2.6/site-packages'
pythondir='${prefix}/lib/python2.6/site-packages'
sbindir='${exec_prefix}/sbin'
sharedstatedir='${prefix}/com'
sysconfdir='${prefix}/etc'
target_alias=''
top_acp_builddir='/home/shibamura/acp/exe/devel'
top_acp_srcdir='/home/shibamura/acp/exe/devel'

## ----------- ##
## confdefs.h. ##
## ----------- ##

/* confdefs.h */
#define PACKAGE_NAME "ACP"
#define PACKAGE_TARNAME "acp"
#define PACKAGE_VERSION "2.0.0"
#define PACKAGE_STRING "ACP 2.0.0"
#define PACKAGE_BUGREPORT "http://ace.cc.kyushu-u.ac.jp"
#define PACKAGE_URL ""
#define PACKAGE "acp"
#define VERSION "2.0.0"
#define STDC_HEADERS 1
#define HAVE_SYS_TYPES_H 1
#define HAVE_SYS_STAT_H 1
#define HAVE_STDLIB_H 1
#define HAVE_STRING_H 1
#define HAVE_MEMORY_H 1
#define HAVE_STRINGS_H 1
#define HAVE_INTTYPES_H 1
#define HAVE_STDINT_H 1
#define HAVE_UNISTD_H 1
#define HAVE_DLFCN_H 1
#define LT_OBJDIR ".libs/"
#define HAVE_LIBPTHREAD 1
#define HAVE_ARPA_INET_H 1
#define HAVE_INTTYPES_H 1
#define HAVE_NETDB_H 1
#define HAVE_NETINET_IN_H 1
#define HAVE_STDINT_H 1
#define HAVE_STDLIB_H 1
#define HAVE_STRING_H 1
#define HAVE_SYS_SOCKET_H 1
#define HAVE_UNISTD_H 1
#define HAVE_STDLIB_H 1
#define HAVE_MALLOC 1
#define HAVE_GETHOSTBYNAME 1
#define HAVE_INET_NTOA 1
#define HAVE_MEMSET 1
#define HAVE_SOCKET 1
#define HAVE_STRDUP 1
#define HAVE_STRTOL 1

configure: exit 0

## ---------------------- ##
## Running config.status. ##
## ---------------------- ##

This file was extended by ACP config.status 2.0.0, which was
generated by GNU Autoconf 2.69.  Invocation command line was

  CONFIG_FILES    = 
  CONFIG_HEADERS  = 
  CONFIG_LINKS    = 
  CONFIG_COMMANDS = 
  $ ./config.status --file=test/ml/cl/testch01.sh:test/ml/cl/testch.sh.in

on acecls

config.status:1212: creating test/ml/cl/testch01.sh

## ---------------------- ##
## Running config.status. ##
## ---------------------- ##

This file was extended by ACP config.status 2.0.0, which was
generated by GNU Autoconf 2.69.  Invocation command line was

  CONFIG_FILES    = 
  CONFIG_HEADERS  = 
  CONFIG_LINKS    = 
  CONFIG_COMMANDS = 
  $ ./config.status --file=test/ml/cl/testch02.sh:test/ml/cl/testch.sh.in

on acecls

config.status:1212: creating test/ml/cl/testch02.sh

## ---------------------- ##
## Running config.status. ##
## ---------------------- ##

This file was extended by ACP config.status 2.0.0, which was
generated by GNU Autoconf 2.69.  Invocation command line was

  CONFIG_FILES    = 
  CONFIG_HEADERS  = 
  CONFIG_LINKS    = 
  CONFIG_COMMANDS = 
  $ ./config.status --file=test/ml/cl/testch03.sh:test/ml/cl/testch.sh.in

on acecls

config.status:1212: creating test/ml/cl/testch03.sh

## ---------------------- ##
## Running config.status. ##
## ---------------------- ##

This file was extended by ACP config.status 2.0.0, which was
generated by GNU Autoconf 2.69.  Invocation command line was

  CONFIG_FILES    = 
  CONFIG_HEADERS  = 
  CONFIG_LINKS    = 
  CONFIG_COMMANDS = 
  $ ./config.status --file=test/ml/cl/testch04.sh:test/ml/cl/testch.sh.in

on acecls

config.status:1212: creating test/ml/cl/testch04.sh

## ---------------------- ##
## Running config.status. ##
## ---------------------- ##

This file was extended by ACP config.status 2.0.0, which was
generated by GNU Autoconf 2.69.  Invocation command line was

  CONFIG_FILES    = 
  CONFIG_HEADERS  = 
  CONFIG_LINKS    = 
  CONFIG_COMMANDS = 
  $ ./config.status --file=test/ml/cl/testch05.sh:test/ml/cl/testch.sh.in

on acecls

config.status:1212: creating test/ml/cl/testch05.sh

## ---------------------- ##
## Running config.status. ##
## ---------------------- ##

This file was extended by ACP config.status 2.0.0, which was
generated by GNU Autoconf 2.69.  Invocation command line was

  CONFIG_FILES    = 
  CONFIG_HEADERS  = 
  CONFIG_LINKS    = 
  CONFIG_COMMANDS = 
  $ ./config.status --file=test/ml/cl/testch06.sh:test/ml/cl/testch.sh.in

on acecls

config.status:1212: creating test/ml/cl/testch06.sh
